<?xml version="1.0" encoding="UTF-8"?>
<testsuite name="PasswordCheckerTest" tests="3" skipped="0" failures="0" errors="0" timestamp="2020-02-20T09:21:28" hostname="umuzi" time="0.002">
  <properties/>
  <testcase name="TestPasswordIsNEverOk" classname="PasswordCheckerTest" time="0.001"/>
  <testcase name="TestPasswordIsOk" classname="PasswordCheckerTest" time="0.0"/>
  <testcase name="TestPasswordIsValid" classname="PasswordCheckerTest" time="0.0"/>
  <system-out><![CDATA[]]></system-out>
  <system-err><![CDATA[]]></system-err>
</testsuite>
